Copyright 1986-2020 Xilinx, Inc. All Rights Reserved.
------------------------------------------------------------------------------------------------------------------------------------------------------------------------
| Tool Version : Vivado v.2020.2 (win64) Build 3064766 Wed Nov 18 09:12:45 MST 2020
| Date         : Mon May 30 11:41:21 2022
| Host         : DESKTOP-0KDN2IG running 64-bit major release  (build 9200)
| Command      : report_drc -file extract_traffic_attributes_drc_routed.rpt -pb extract_traffic_attributes_drc_routed.pb -rpx extract_traffic_attributes_drc_routed.rpx
| Design       : extract_traffic_attributes
| Device       : xc7z020clg400-1
| Speed File   : -1
| Design State : Fully Routed
------------------------------------------------------------------------------------------------------------------------------------------------------------------------

Report DRC

Table of Contents
-----------------
1. REPORT SUMMARY
2. REPORT DETAILS

1. REPORT SUMMARY
-----------------
            Netlist: netlist
          Floorplan: design_1
      Design limits: <entire design considered>
           Ruledeck: default
             Max violations: <unlimited>
             Violations found: 4
+-----------+------------------+----------------------------+------------+
| Rule      | Severity         | Description                | Violations |
+-----------+------------------+----------------------------+------------+
| NSTD-1    | Critical Warning | Unspecified I/O Standard   | 1          |
| UCIO-1    | Critical Warning | Unconstrained Logical Port | 1          |
| RTSTAT-10 | Warning          | No routable loads          | 1          |
| ZPS7-1    | Warning          | PS7 block required         | 1          |
+-----------+------------------+----------------------------+------------+

2. REPORT DETAILS
-----------------
NSTD-1#1 Critical Warning
Unspecified I/O Standard  
70 out of 71 logical ports use I/O standard (IOSTANDARD) value 'DEFAULT', instead of a user assigned specific value. This may cause I/O contention or incompatibility with the board power or connectivity affecting performance, signal integrity or in extreme cases cause damage to the device or the components to which it is connected. To correct this violation, specify all I/O standards. This design will fail to generate a bitstream unless all logical ports have a user specified I/O standard value defined. To allow bitstream creation with unspecified I/O standard values (not recommended), use this command: set_property SEVERITY {Warning} [get_drc_checks NSTD-1].  NOTE: When using the Vivado Runs infrastructure (e.g. launch_runs Tcl command), add this command to a .tcl file and add that file as a pre-hook for write_bitstream step for the implementation run. Problem ports: eth_rst_b, eth_rxck, eth_rxctl, eth_rxd[3:0], eth_txck, eth_txctl,
eth_txd[3:0], ip_length[15:0], ip_protocol[7:0], udp_rx_dst_port[15:0],
udp_rx_src_port[15:0], udp_rx_valid.
Related violations: <none>

UCIO-1#1 Critical Warning
Unconstrained Logical Port  
70 out of 71 logical ports have no user assigned specific location constraint (LOC). This may cause I/O contention or incompatibility with the board power or connectivity affecting performance, signal integrity or in extreme cases cause damage to the device or the components to which it is connected. To correct this violation, specify all pin locations. This design will fail to generate a bitstream unless all logical ports have a user specified site LOC constraint defined.  To allow bitstream creation with unspecified pin locations (not recommended), use this command: set_property SEVERITY {Warning} [get_drc_checks UCIO-1].  NOTE: When using the Vivado Runs infrastructure (e.g. launch_runs Tcl command), add this command to a .tcl file and add that file as a pre-hook for write_bitstream step for the implementation run.  Problem ports: eth_rst_b, eth_rxck, eth_rxctl, eth_rxd[3:0], eth_txck, eth_txctl,
eth_txd[3:0], ip_length[15:0], ip_protocol[7:0], udp_rx_dst_port[15:0],
udp_rx_src_port[15:0], udp_rx_valid.
Related violations: <none>

RTSTAT-10#1 Warning
No routable loads  
1 net(s) have no routable loads. The problem bus(es) and/or net(s) are i_fifo_rxclk_to_clk125MHz/i_dcfifo_10_bits_16_deep/U0/inst_fifo_gen/gconvfifo.rf/grf.rf/gntv_or_sync_fifo.gl0.wr/gwas.wsts/ram_full_i.
Related violations: <none>

ZPS7-1#1 Warning
PS7 block required  
The PS7 cell must be used in this Zynq design in order to enable correct default configuration.
Related violations: <none>


